Using pre-set license
Built from '2022.1/staging' branch; Version is '2022.1.18f1 (8a091f9adba4) revision 9046303'; Using compiler version '192829333'; Build Type 'Release'
OS: 'Windows 10  (10.0.19044) 64bit Professional' Language: 'ru' Physical Memory: 16370 MB
BatchMode: 1, IsHumanControllingUs: 0, StartBugReporterOnCrash: 0, Is64bit: 1, IsPro: 1

COMMAND LINE ARGUMENTS:
C:\Program Files\Unity\Hub\Editor\2022.1.18f1\Editor\Unity.exe
-adb2
-batchMode
-noUpm
-name
AssetImportWorker0
-projectPath
D:/Unity_self_games/MIdis
-logFile
Logs/AssetImportWorker0.log
-srvPort
60604
Successfully changed project path to: D:/Unity_self_games/MIdis
D:/Unity_self_games/MIdis
[UnityMemory] Configuration Parameters - Can be set up in boot.config
    "memorysetup-bucket-allocator-granularity=16"
    "memorysetup-bucket-allocator-bucket-count=8"
    "memorysetup-bucket-allocator-block-size=33554432"
    "memorysetup-bucket-allocator-block-count=8"
    "memorysetup-main-allocator-block-size=16777216"
    "memorysetup-thread-allocator-block-size=16777216"
    "memorysetup-gfx-main-allocator-block-size=16777216"
    "memorysetup-gfx-thread-allocator-block-size=16777216"
    "memorysetup-cache-allocator-block-size=4194304"
    "memorysetup-typetree-allocator-block-size=2097152"
    "memorysetup-profiler-bucket-allocator-granularity=16"
    "memorysetup-profiler-bucket-allocator-bucket-count=8"
    "memorysetup-profiler-bucket-allocator-block-size=33554432"
    "memorysetup-profiler-bucket-allocator-block-count=8"
    "memorysetup-profiler-allocator-block-size=16777216"
    "memorysetup-profiler-editor-allocator-block-size=1048576"
    "memorysetup-temp-allocator-size-main=16777216"
    "memorysetup-job-temp-allocator-block-size=2097152"
    "memorysetup-job-temp-allocator-block-size-background=1048576"
    "memorysetup-job-temp-allocator-reduction-small-platforms=262144"
    "memorysetup-temp-allocator-size-background-worker=32768"
    "memorysetup-temp-allocator-size-job-worker=262144"
    "memorysetup-temp-allocator-size-preload-manager=33554432"
    "memorysetup-temp-allocator-size-nav-mesh-worker=65536"
    "memorysetup-temp-allocator-size-audio-worker=65536"
    "memorysetup-temp-allocator-size-cloud-worker=32768"
    "memorysetup-temp-allocator-size-gi-baking-worker=262144"
    "memorysetup-temp-allocator-size-gfx=262144"
Refreshing native plugins compatible for Editor in 184.04 ms, found 3 plugins.
Preloading 0 native plugins for Editor in 0.00 ms.
Initialize engine version: 2022.1.18f1 (8a091f9adba4)
[Subsystems] Discovering subsystems at path C:/Program Files/Unity/Hub/Editor/2022.1.18f1/Editor/Data/Resources/UnitySubsystems
[Subsystems] Discovering subsystems at path D:/Unity_self_games/MIdis/Assets
GfxDevice: creating device client; threaded=0; jobified=0
Direct3D:
    Version:  Direct3D 11.0 [level 11.1]
    Renderer: NVIDIA GeForce GTX 950 (ID=0x1402)
    Vendor:   NVIDIA
    VRAM:     2002 MB
    Driver:   31.0.15.2647
Initialize mono
Mono path[0] = 'C:/Program Files/Unity/Hub/Editor/2022.1.18f1/Editor/Data/Managed'
Mono path[1] = 'C:/Program Files/Unity/Hub/Editor/2022.1.18f1/Editor/Data/MonoBleedingEdge/lib/mono/unityjit-win32'
Mono config path = 'C:/Program Files/Unity/Hub/Editor/2022.1.18f1/Editor/Data/MonoBleedingEdge/etc'
Using monoOptions --debugger-agent=transport=dt_socket,embedding=1,server=y,suspend=n,address=127.0.0.1:56740
Begin MonoManager ReloadAssembly
Registering precompiled unity dll's ...
Register platform support module: C:/Program Files/Unity/Hub/Editor/2022.1.18f1/Editor/Data/PlaybackEngines/WindowsStandaloneSupport/UnityEditor.WindowsStandalone.Extensions.dll
Registered in 0.018955 seconds.
Native extension for WindowsStandalone target not found
Refreshing native plugins compatible for Editor in 196.96 ms, found 3 plugins.
Preloading 0 native plugins for Editor in 0.00 ms.
Mono: successfully reloaded assembly
- Completed reload, in  1.665 seconds
Domain Reload Profiling:
	ReloadAssembly (1666ms)
		BeginReloadAssembly (178ms)
			ExecutionOrderSort (0ms)
			DisableScriptedObjects (0ms)
			BackupInstance (0ms)
			ReleaseScriptingObjects (0ms)
			CreateAndSetChildDomain (2ms)
		EndReloadAssembly (1196ms)
			LoadAssemblies (170ms)
			RebuildTransferFunctionScriptingTraits (0ms)
			SetupTypeCache (293ms)
				TypeCache.Initialize (293ms)
					TypeCache.ScanAssembly (290ms)
				ResolveRequiredComponents (1ms)
			ReleaseScriptCaches (0ms)
			RebuildScriptCaches (72ms)
			SetupLoadedEditorAssemblies (691ms)
				LogAssemblyErrors (0ms)
				InitializePlatformSupportModulesInManaged (22ms)
				SetLoadedEditorAssemblies (15ms)
				RefreshPlugins (197ms)
				BeforeProcessingInitializeOnLoad (3ms)
				ProcessInitializeOnLoadAttributes (334ms)
				ProcessInitializeOnLoadMethodAttributes (119ms)
				AfterProcessingInitializeOnLoad (0ms)
				EditorAssembliesLoaded (0ms)
			ExecutionOrderSort2 (0ms)
			AwakeInstancesAfterBackupRestoration (0ms)
Platform modules already initialized, skipping
Registering precompiled user dll's ...
Registered in 0.010307 seconds.
Begin MonoManager ReloadAssembly
Symbol file LoadedFromMemory doesn't match image D:\Unity_self_games\MIdis\Library\PackageCache\com.unity.visualscripting@1.7.8\Editor\VisualScripting.Core\Dependencies\YamlDotNet\Unity.VisualScripting.YamlDotNet.dll
Symbol file LoadedFromMemory doesn't match image D:\Unity_self_games\MIdis\Library\PackageCache\com.unity.visualscripting@1.7.8\Editor\VisualScripting.Core\Dependencies\DotNetZip\Unity.VisualScripting.IonicZip.dll
Native extension for WindowsStandalone target not found
Refreshing native plugins compatible for Editor in 1.92 ms, found 3 plugins.
Preloading 0 native plugins for Editor in 0.00 ms.
Mono: successfully reloaded assembly
- Completed reload, in  2.704 seconds
Domain Reload Profiling:
	ReloadAssembly (2706ms)
		BeginReloadAssembly (317ms)
			ExecutionOrderSort (0ms)
			DisableScriptedObjects (16ms)
			BackupInstance (0ms)
			ReleaseScriptingObjects (0ms)
			CreateAndSetChildDomain (46ms)
		EndReloadAssembly (2069ms)
			LoadAssemblies (222ms)
			RebuildTransferFunctionScriptingTraits (0ms)
			SetupTypeCache (629ms)
				TypeCache.Initialize (613ms)
					TypeCache.ScanAssembly (605ms)
				ResolveRequiredComponents (16ms)
			ReleaseScriptCaches (1ms)
			RebuildScriptCaches (152ms)
			SetupLoadedEditorAssemblies (953ms)
				LogAssemblyErrors (0ms)
				InitializePlatformSupportModulesInManaged (16ms)
				SetLoadedEditorAssemblies (15ms)
				RefreshPlugins (2ms)
				BeforeProcessingInitializeOnLoad (217ms)
				ProcessInitializeOnLoadAttributes (601ms)
				ProcessInitializeOnLoadMethodAttributes (76ms)
				AfterProcessingInitializeOnLoad (25ms)
				EditorAssembliesLoaded (0ms)
			ExecutionOrderSort2 (0ms)
			AwakeInstancesAfterBackupRestoration (18ms)
Platform modules already initialized, skipping
========================================================================
Worker process is ready to serve import requests
Launched and connected shader compiler UnityShaderCompiler.exe after 0.09 seconds
Refreshing native plugins compatible for Editor in 1.92 ms, found 3 plugins.
Preloading 0 native plugins for Editor in 0.00 ms.
Unloading 3544 Unused Serialized files (Serialized files now loaded: 0)
Unloading 32 unused Assets / (97.6 KB). Loaded Objects now: 4002.
Memory consumption went from 0.54 GB to 0.54 GB.
Total: 10.081900 ms (FindLiveObjects: 0.894900 ms CreateObjectMapping: 0.848500 ms MarkObjects: 8.064900 ms  DeleteObjects: 0.271100 ms)

AssetImportParameters requested are different than current active one (requested -> active):
  custom:video-decoder-ogg-theora: a1e56fd34408186e4bbccfd4996cb3dc -> 
  custom:container-muxer-webm: aa71ff27fc2769a1b78a27578f13a17b -> 
  custom:container-demuxer-webm: 4f35f7cbe854078d1ac9338744f61a02 -> 
  custom:video-encoder-webm-vp8: eb34c28f22e8b96e1ab97ce403110664 -> 
  custom:audio-encoder-webm-vorbis: bf7c407c2cedff20999df2af8eb42d56 -> 
  custom:framework-win-MediaFoundation: 216162199b28c13a410421893ffa2e32 -> 
  custom:container-demuxer-ogg: 62fdf1f143b41e24485cea50d1cbac27 -> 
  custom:video-decoder-webm-vp8: 9c59270c3fd7afecdb556c50c9e8de78 -> 
  custom:audio-decoder-ogg-vorbis: bf7c407c2cedff20999df2af8eb42d56 -> 
========================================================================
Received Import Request.
  Time since last request: 1639181.502638 seconds.
  path: Assets/Shaders + Textures/OtherTerrainMaterials/Rocks/Textures/Rocks 1 Displacement.png
  artifactKey: Guid(ffc525bd5a643c34cae7a47ee0b8cb45) Importer(815301076,1909f56bfc062723c751e8b465ee728b)
Start importing Assets/Shaders + Textures/OtherTerrainMaterials/Rocks/Textures/Rocks 1 Displacement.png using Guid(ffc525bd5a643c34cae7a47ee0b8cb45) Importer(815301076,1909f56bfc062723c751e8b465ee728b)  -> (artifact id: '6e9c17489b37f5c65d32a10fc2b105cb') in 0.226509 seconds 
========================================================================
Received Import Request.
  Time since last request: 0.000047 seconds.
  path: Assets/Shaders + Textures/OtherTerrainMaterials/Rocks/Textures/Rocks 1 Occlusion.png
  artifactKey: Guid(8f091981196afba42a180f56136e5414) Importer(815301076,1909f56bfc062723c751e8b465ee728b)
Start importing Assets/Shaders + Textures/OtherTerrainMaterials/Rocks/Textures/Rocks 1 Occlusion.png using Guid(8f091981196afba42a180f56136e5414) Importer(815301076,1909f56bfc062723c751e8b465ee728b)  -> (artifact id: 'a3162271ce576570c5a0cf0150266c48') in 0.026168 seconds 
========================================================================
Received Import Request.
  Time since last request: 0.000059 seconds.
  path: Assets/Shaders + Textures/OtherTerrainMaterials/Rocks/Rocks 5.mat
  artifactKey: Guid(1397dbb8aaf49704a98ee06a0bf709ff) Importer(815301076,1909f56bfc062723c751e8b465ee728b)
Start importing Assets/Shaders + Textures/OtherTerrainMaterials/Rocks/Rocks 5.mat using Guid(1397dbb8aaf49704a98ee06a0bf709ff) Importer(815301076,1909f56bfc062723c751e8b465ee728b)  -> (artifact id: 'd619018ff1e4e96319760bcb106e9fce') in 0.812153 seconds 
========================================================================
Received Import Request.
  Time since last request: 0.000040 seconds.
  path: Assets/Shaders + Textures/OtherTerrainMaterials/Rocks/Textures/Rocks 5 Occlusion.png
  artifactKey: Guid(1f26a96a2e2f51c419e694f58abf7bd2) Importer(815301076,1909f56bfc062723c751e8b465ee728b)
Start importing Assets/Shaders + Textures/OtherTerrainMaterials/Rocks/Textures/Rocks 5 Occlusion.png using Guid(1f26a96a2e2f51c419e694f58abf7bd2) Importer(815301076,1909f56bfc062723c751e8b465ee728b)  -> (artifact id: 'e373344430cca0f048a20609c12fd820') in 0.025565 seconds 
========================================================================
Received Import Request.
  Time since last request: 0.000044 seconds.
  path: Assets/Shaders + Textures/OtherTerrainMaterials/Rocks/Textures/Rocks 1 Normals.png
  artifactKey: Guid(050895a11df9ef94f8e5fccbef003224) Importer(815301076,1909f56bfc062723c751e8b465ee728b)
Start importing Assets/Shaders + Textures/OtherTerrainMaterials/Rocks/Textures/Rocks 1 Normals.png using Guid(050895a11df9ef94f8e5fccbef003224) Importer(815301076,1909f56bfc062723c751e8b465ee728b)  -> (artifact id: '96d09d2052728847494ce77c92847663') in 0.031041 seconds 
========================================================================
Received Import Request.
  Time since last request: 0.000037 seconds.
  path: Assets/Shaders + Textures/OtherTerrainMaterials/Rocks/Rocks 3.mat
  artifactKey: Guid(ff0be7b3d8cb38141942f10ebe7e172d) Importer(815301076,1909f56bfc062723c751e8b465ee728b)
Start importing Assets/Shaders + Textures/OtherTerrainMaterials/Rocks/Rocks 3.mat using Guid(ff0be7b3d8cb38141942f10ebe7e172d) Importer(815301076,1909f56bfc062723c751e8b465ee728b)  -> (artifact id: '92e059c6cdd5c0574e2f4cf503f4304f') in 0.040350 seconds 
========================================================================
Received Import Request.
  Time since last request: 0.000034 seconds.
  path: Assets/Shaders + Textures/OtherTerrainMaterials/Rocks/Textures/Rocks 5 Normals.png
  artifactKey: Guid(3eee68577dac6fa42a7b3f576934b4ab) Importer(815301076,1909f56bfc062723c751e8b465ee728b)
Start importing Assets/Shaders + Textures/OtherTerrainMaterials/Rocks/Textures/Rocks 5 Normals.png using Guid(3eee68577dac6fa42a7b3f576934b4ab) Importer(815301076,1909f56bfc062723c751e8b465ee728b)  -> (artifact id: '86f821a2810ef9325be0d8d87393d488') in 0.032740 seconds 
========================================================================
Received Import Request.
  Time since last request: 0.000035 seconds.
  path: Assets/Shaders + Textures/OtherTerrainMaterials/Rocks/Textures/Rocks 3 Displacement.png
  artifactKey: Guid(fe940a9a68f8d5741b2c4aa6c30f10e5) Importer(815301076,1909f56bfc062723c751e8b465ee728b)
Start importing Assets/Shaders + Textures/OtherTerrainMaterials/Rocks/Textures/Rocks 3 Displacement.png using Guid(fe940a9a68f8d5741b2c4aa6c30f10e5) Importer(815301076,1909f56bfc062723c751e8b465ee728b)  -> (artifact id: 'b6bca1a18764aef389bab5a4c4300dab') in 0.025115 seconds 
========================================================================
Received Import Request.
  Time since last request: 0.437338 seconds.
  path: Assets/Shaders + Textures/OtherTerrainMaterials/Rocks/Textures/Rocks 5 Normals2.png
  artifactKey: Guid(8c74104b5da25214ebff87d3eaa29cfd) Importer(815301076,1909f56bfc062723c751e8b465ee728b)
Start importing Assets/Shaders + Textures/OtherTerrainMaterials/Rocks/Textures/Rocks 5 Normals2.png using Guid(8c74104b5da25214ebff87d3eaa29cfd) Importer(815301076,1909f56bfc062723c751e8b465ee728b)  -> (artifact id: '8ca82ce4b98d1ad1bc5ee5a268662fa8') in 0.030938 seconds 
Editor requested this worker to shutdown with reason: Scaling down because of idle timeout
AssetImportWorker is now disconnected from the server
Process exiting
Exiting without the bug reporter. Application will terminate with return code 0